{"/Users/sergiosegura/Documents/React /inditex-frontend/inditex-frontend/src/App.tsx": {"path":"/Users/sergiosegura/Documents/React /inditex-frontend/inditex-frontend/src/App.tsx","statementMap":{"0":{"start":{"line":14,"column":2},"end":{"line":25,"column":4}}},"fnMap":{"0":{"name":"App","decl":{"start":{"line":13,"column":9},"end":{"line":13,"column":12}},"loc":{"start":{"line":13,"column":15},"end":{"line":26,"column":1}},"line":13}},"branchMap":{},"s":{"0":1},"f":{"0":1},"b":{},"_coverageSchema":"1a1c01bbd47fc00a2c39e90264f33305004495a9","hash":"4b02e868813f4dab4d9d2b5ab6dc5e54f95d4710"}
,"/Users/sergiosegura/Documents/React /inditex-frontend/inditex-frontend/src/index.tsx": {"path":"/Users/sergiosegura/Documents/React /inditex-frontend/inditex-frontend/src/index.tsx","statementMap":{"0":{"start":{"line":7,"column":13},"end":{"line":9,"column":1}},"1":{"start":{"line":10,"column":0},"end":{"line":14,"column":2}},"2":{"start":{"line":19,"column":0},"end":{"line":19,"column":18}}},"fnMap":{},"branchMap":{},"s":{"0":0,"1":0,"2":0},"f":{},"b":{}}
,"/Users/sergiosegura/Documents/React /inditex-frontend/inditex-frontend/src/reportWebVitals.ts": {"path":"/Users/sergiosegura/Documents/React /inditex-frontend/inditex-frontend/src/reportWebVitals.ts","statementMap":{"0":{"start":{"line":3,"column":24},"end":{"line":13,"column":1}},"1":{"start":{"line":4,"column":2},"end":{"line":12,"column":3}},"2":{"start":{"line":5,"column":4},"end":{"line":11,"column":7}},"3":{"start":{"line":6,"column":6},"end":{"line":6,"column":26}},"4":{"start":{"line":7,"column":6},"end":{"line":7,"column":26}},"5":{"start":{"line":8,"column":6},"end":{"line":8,"column":26}},"6":{"start":{"line":9,"column":6},"end":{"line":9,"column":26}},"7":{"start":{"line":10,"column":6},"end":{"line":10,"column":27}}},"fnMap":{"0":{"name":"(anonymous_0)","decl":{"start":{"line":3,"column":24},"end":{"line":3,"column":25}},"loc":{"start":{"line":3,"column":57},"end":{"line":13,"column":1}},"line":3},"1":{"name":"(anonymous_1)","decl":{"start":{"line":5,"column":30},"end":{"line":5,"column":31}},"loc":{"start":{"line":5,"column":79},"end":{"line":11,"column":5}},"line":5}},"branchMap":{"0":{"loc":{"start":{"line":4,"column":2},"end":{"line":12,"column":3}},"type":"if","locations":[{"start":{"line":4,"column":2},"end":{"line":12,"column":3}},{"start":{},"end":{}}],"line":4},"1":{"loc":{"start":{"line":4,"column":6},"end":{"line":4,"column":52}},"type":"binary-expr","locations":[{"start":{"line":4,"column":6},"end":{"line":4,"column":17}},{"start":{"line":4,"column":21},"end":{"line":4,"column":52}}],"line":4}},"s":{"0":0,"1":0,"2":0,"3":0,"4":0,"5":0,"6":0,"7":0},"f":{"0":0,"1":0},"b":{"0":[0,0],"1":[0,0]}}
,"/Users/sergiosegura/Documents/React /inditex-frontend/inditex-frontend/src/router.tsx": {"path":"/Users/sergiosegura/Documents/React /inditex-frontend/inditex-frontend/src/router.tsx","statementMap":{"0":{"start":{"line":8,"column":15},"end":{"line":18,"column":1}},"1":{"start":{"line":9,"column":2},"end":{"line":17,"column":4}}},"fnMap":{"0":{"name":"(anonymous_0)","decl":{"start":{"line":8,"column":15},"end":{"line":8,"column":16}},"loc":{"start":{"line":8,"column":21},"end":{"line":18,"column":1}},"line":8}},"branchMap":{},"s":{"0":1,"1":1},"f":{"0":1},"b":{},"_coverageSchema":"1a1c01bbd47fc00a2c39e90264f33305004495a9","hash":"f1ba018712d472fb9034013694a72c26a78dbf55"}
,"/Users/sergiosegura/Documents/React /inditex-frontend/inditex-frontend/src/components/episodeCouter/episodeCounter.tsx": {"path":"/Users/sergiosegura/Documents/React /inditex-frontend/inditex-frontend/src/components/episodeCouter/episodeCounter.tsx","statementMap":{"0":{"start":{"line":8,"column":23},"end":{"line":20,"column":1}},"1":{"start":{"line":9,"column":2},"end":{"line":19,"column":4}}},"fnMap":{"0":{"name":"(anonymous_0)","decl":{"start":{"line":8,"column":23},"end":{"line":8,"column":24}},"loc":{"start":{"line":8,"column":70},"end":{"line":20,"column":1}},"line":8}},"branchMap":{"0":{"loc":{"start":{"line":11,"column":7},"end":{"line":17,"column":7}},"type":"cond-expr","locations":[{"start":{"line":12,"column":8},"end":{"line":14,"column":21}},{"start":{"line":16,"column":8},"end":{"line":16,"column":78}}],"line":11}},"s":{"0":3,"1":7},"f":{"0":7},"b":{"0":[5,2]},"_coverageSchema":"1a1c01bbd47fc00a2c39e90264f33305004495a9","hash":"f23b93750fddb9cca9bcd2760d038992e3efaf87"}
,"/Users/sergiosegura/Documents/React /inditex-frontend/inditex-frontend/src/components/episodeTable/episodeTable.tsx": {"path":"/Users/sergiosegura/Documents/React /inditex-frontend/inditex-frontend/src/components/episodeTable/episodeTable.tsx","statementMap":{"0":{"start":{"line":14,"column":30},"end":{"line":18,"column":3}},"1":{"start":{"line":14,"column":63},"end":{"line":18,"column":1}},"2":{"start":{"line":25,"column":21},"end":{"line":81,"column":1}},"3":{"start":{"line":26,"column":2},"end":{"line":80,"column":4}},"4":{"start":{"line":49,"column":14},"end":{"line":74,"column":15}},"5":{"start":{"line":50,"column":16},"end":{"line":73,"column":18}},"6":{"start":{"line":60,"column":39},"end":{"line":60,"column":68}},"7":{"start":{"line":75,"column":14},"end":{"line":75,"column":46}}},"fnMap":{"0":{"name":"(anonymous_0)","decl":{"start":{"line":14,"column":47},"end":{"line":14,"column":48}},"loc":{"start":{"line":14,"column":63},"end":{"line":18,"column":1}},"line":14},"1":{"name":"(anonymous_1)","decl":{"start":{"line":25,"column":21},"end":{"line":25,"column":22}},"loc":{"start":{"line":25,"column":75},"end":{"line":81,"column":1}},"line":25},"2":{"name":"(anonymous_2)","decl":{"start":{"line":48,"column":25},"end":{"line":48,"column":26}},"loc":{"start":{"line":48,"column":59},"end":{"line":76,"column":13}},"line":48},"3":{"name":"(anonymous_3)","decl":{"start":{"line":60,"column":33},"end":{"line":60,"column":34}},"loc":{"start":{"line":60,"column":39},"end":{"line":60,"column":68}},"line":60}},"branchMap":{"0":{"loc":{"start":{"line":47,"column":11},"end":{"line":76,"column":14}},"type":"binary-expr","locations":[{"start":{"line":47,"column":11},"end":{"line":47,"column":31}},{"start":{"line":48,"column":12},"end":{"line":76,"column":14}}],"line":47},"1":{"loc":{"start":{"line":49,"column":14},"end":{"line":74,"column":15}},"type":"if","locations":[{"start":{"line":49,"column":14},"end":{"line":74,"column":15}},{"start":{},"end":{}}],"line":49},"2":{"loc":{"start":{"line":52,"column":25},"end":{"line":52,"column":69}},"type":"cond-expr","locations":[{"start":{"line":52,"column":49},"end":{"line":52,"column":61}},{"start":{"line":52,"column":64},"end":{"line":52,"column":69}}],"line":52},"3":{"loc":{"start":{"line":65,"column":23},"end":{"line":65,"column":79}},"type":"cond-expr","locations":[{"start":{"line":65,"column":42},"end":{"line":65,"column":73}},{"start":{"line":65,"column":76},"end":{"line":65,"column":79}}],"line":65},"4":{"loc":{"start":{"line":68,"column":23},"end":{"line":70,"column":29}},"type":"cond-expr","locations":[{"start":{"line":69,"column":26},"end":{"line":69,"column":66}},{"start":{"line":70,"column":26},"end":{"line":70,"column":29}}],"line":68}},"s":{"0":3,"1":65,"2":3,"3":4,"4":48,"5":44,"6":1,"7":4},"f":{"0":65,"1":4,"2":48,"3":1},"b":{"0":[4,4],"1":[44,4],"2":[0,44],"3":[40,4],"4":[40,4]},"_coverageSchema":"1a1c01bbd47fc00a2c39e90264f33305004495a9","hash":"d52c437da23d35e3df7098da0906e747d7d25598"}
,"/Users/sergiosegura/Documents/React /inditex-frontend/inditex-frontend/src/components/filterInput/filterInput.tsx": {"path":"/Users/sergiosegura/Documents/React /inditex-frontend/inditex-frontend/src/components/filterInput/filterInput.tsx","statementMap":{"0":{"start":{"line":12,"column":20},"end":{"line":51,"column":1}},"1":{"start":{"line":17,"column":2},"end":{"line":50,"column":4}}},"fnMap":{"0":{"name":"(anonymous_0)","decl":{"start":{"line":12,"column":20},"end":{"line":12,"column":21}},"loc":{"start":{"line":16,"column":38},"end":{"line":51,"column":1}},"line":16}},"branchMap":{},"s":{"0":3,"1":7},"f":{"0":7},"b":{},"_coverageSchema":"1a1c01bbd47fc00a2c39e90264f33305004495a9","hash":"1dbef6f5df99f0ab05832c7e8fd5cb605997a1d0"}
,"/Users/sergiosegura/Documents/React /inditex-frontend/inditex-frontend/src/components/headerSection/headerSection.tsx": {"path":"/Users/sergiosegura/Documents/React /inditex-frontend/inditex-frontend/src/components/headerSection/headerSection.tsx","statementMap":{"0":{"start":{"line":5,"column":2},"end":{"line":21,"column":4}}},"fnMap":{"0":{"name":"HeaderSection","decl":{"start":{"line":4,"column":9},"end":{"line":4,"column":22}},"loc":{"start":{"line":4,"column":62},"end":{"line":22,"column":1}},"line":4}},"branchMap":{"0":{"loc":{"start":{"line":13,"column":9},"end":{"line":17,"column":9}},"type":"binary-expr","locations":[{"start":{"line":13,"column":9},"end":{"line":13,"column":18}},{"start":{"line":14,"column":10},"end":{"line":16,"column":17}}],"line":13}},"s":{"0":3},"f":{"0":3},"b":{"0":[3,1]},"_coverageSchema":"1a1c01bbd47fc00a2c39e90264f33305004495a9","hash":"3cf5325f20cde25e0fe77f339649e57730b08fdc"}
,"/Users/sergiosegura/Documents/React /inditex-frontend/inditex-frontend/src/components/podcast/podcasts.tsx": {"path":"/Users/sergiosegura/Documents/React /inditex-frontend/inditex-frontend/src/components/podcast/podcasts.tsx","statementMap":{"0":{"start":{"line":18,"column":17},"end":{"line":47,"column":1}},"1":{"start":{"line":22,"column":44},"end":{"line":22,"column":51}},"2":{"start":{"line":24,"column":2},"end":{"line":46,"column":4}}},"fnMap":{"0":{"name":"(anonymous_0)","decl":{"start":{"line":18,"column":17},"end":{"line":18,"column":18}},"loc":{"start":{"line":21,"column":41},"end":{"line":47,"column":1}},"line":21}},"branchMap":{},"s":{"0":3,"1":3,"2":3},"f":{"0":3},"b":{},"_coverageSchema":"1a1c01bbd47fc00a2c39e90264f33305004495a9","hash":"1d5c7bc17848514a990afd49cfc12025bb86a450"}
,"/Users/sergiosegura/Documents/React /inditex-frontend/inditex-frontend/src/components/podcastDescriptionCard/podcastDescriptionCard.tsx": {"path":"/Users/sergiosegura/Documents/React /inditex-frontend/inditex-frontend/src/components/podcastDescriptionCard/podcastDescriptionCard.tsx","statementMap":{"0":{"start":{"line":20,"column":50},"end":{"line":20,"column":57}},"1":{"start":{"line":22,"column":2},"end":{"line":52,"column":4}}},"fnMap":{"0":{"name":"PodcastDescriptionCard","decl":{"start":{"line":16,"column":9},"end":{"line":16,"column":31}},"loc":{"start":{"line":19,"column":28},"end":{"line":53,"column":1}},"line":19}},"branchMap":{},"s":{"0":3,"1":3},"f":{"0":3},"b":{},"_coverageSchema":"1a1c01bbd47fc00a2c39e90264f33305004495a9","hash":"b1bd9be4a1563c5c0fcbd517694253766a373cf6"}
,"/Users/sergiosegura/Documents/React /inditex-frontend/inditex-frontend/src/components/skeletons/skeletonCardList.tsx": {"path":"/Users/sergiosegura/Documents/React /inditex-frontend/inditex-frontend/src/components/skeletons/skeletonCardList.tsx","statementMap":{"0":{"start":{"line":3,"column":25},"end":{"line":17,"column":1}},"1":{"start":{"line":4,"column":2},"end":{"line":16,"column":4}},"2":{"start":{"line":7,"column":8},"end":{"line":13,"column":15}}},"fnMap":{"0":{"name":"(anonymous_0)","decl":{"start":{"line":3,"column":25},"end":{"line":3,"column":26}},"loc":{"start":{"line":3,"column":31},"end":{"line":17,"column":1}},"line":3},"1":{"name":"(anonymous_1)","decl":{"start":{"line":6,"column":37},"end":{"line":6,"column":38}},"loc":{"start":{"line":7,"column":8},"end":{"line":13,"column":15}},"line":7}},"branchMap":{},"s":{"0":2,"1":1,"2":12},"f":{"0":1,"1":12},"b":{},"_coverageSchema":"1a1c01bbd47fc00a2c39e90264f33305004495a9","hash":"941e72046b4e7e1d9728b52e80015b4ab75554ba"}
,"/Users/sergiosegura/Documents/React /inditex-frontend/inditex-frontend/src/components/skeletons/skeletonEpisodePlayer.tsx": {"path":"/Users/sergiosegura/Documents/React /inditex-frontend/inditex-frontend/src/components/skeletons/skeletonEpisodePlayer.tsx","statementMap":{"0":{"start":{"line":4,"column":2},"end":{"line":16,"column":4}},"1":{"start":{"line":9,"column":22},"end":{"line":9,"column":46}},"2":{"start":{"line":10,"column":8},"end":{"line":10,"column":60}}},"fnMap":{"0":{"name":"SkeletonEpisodePlayer","decl":{"start":{"line":3,"column":9},"end":{"line":3,"column":30}},"loc":{"start":{"line":3,"column":33},"end":{"line":17,"column":1}},"line":3},"1":{"name":"(anonymous_1)","decl":{"start":{"line":8,"column":37},"end":{"line":8,"column":38}},"loc":{"start":{"line":8,"column":67},"end":{"line":11,"column":7}},"line":8}},"branchMap":{},"s":{"0":2,"1":42,"2":42},"f":{"0":2,"1":42},"b":{},"_coverageSchema":"1a1c01bbd47fc00a2c39e90264f33305004495a9","hash":"c198327f5882b74f7cac28f7441348d856a6e7e6"}
,"/Users/sergiosegura/Documents/React /inditex-frontend/inditex-frontend/src/components/skeletons/skeletonPodcastDetail.tsx": {"path":"/Users/sergiosegura/Documents/React /inditex-frontend/inditex-frontend/src/components/skeletons/skeletonPodcastDetail.tsx","statementMap":{"0":{"start":{"line":10,"column":2},"end":{"line":40,"column":4}}},"fnMap":{"0":{"name":"SkeletonPodcastDetail","decl":{"start":{"line":9,"column":9},"end":{"line":9,"column":30}},"loc":{"start":{"line":9,"column":33},"end":{"line":41,"column":1}},"line":9}},"branchMap":{},"s":{"0":2},"f":{"0":2},"b":{},"_coverageSchema":"1a1c01bbd47fc00a2c39e90264f33305004495a9","hash":"6b425e96204243f4a881b7270dd4deae87031188"}
,"/Users/sergiosegura/Documents/React /inditex-frontend/inditex-frontend/src/components/skeletons/skeletonTableEpisodeDetail.tsx": {"path":"/Users/sergiosegura/Documents/React /inditex-frontend/inditex-frontend/src/components/skeletons/skeletonTableEpisodeDetail.tsx","statementMap":{"0":{"start":{"line":14,"column":2},"end":{"line":50,"column":4}},"1":{"start":{"line":35,"column":12},"end":{"line":45,"column":29}}},"fnMap":{"0":{"name":"SkeletonTableEpisode","decl":{"start":{"line":13,"column":9},"end":{"line":13,"column":29}},"loc":{"start":{"line":13,"column":32},"end":{"line":51,"column":1}},"line":13},"1":{"name":"(anonymous_1)","decl":{"start":{"line":34,"column":41},"end":{"line":34,"column":42}},"loc":{"start":{"line":35,"column":12},"end":{"line":45,"column":29}},"line":35}},"branchMap":{},"s":{"0":2,"1":42},"f":{"0":2,"1":42},"b":{},"_coverageSchema":"1a1c01bbd47fc00a2c39e90264f33305004495a9","hash":"79ab88b0ad62bc1bb6fde7ae0dac280b86efc7e3"}
,"/Users/sergiosegura/Documents/React /inditex-frontend/inditex-frontend/src/containers/episodeDetail/episodeDetail.tsx": {"path":"/Users/sergiosegura/Documents/React /inditex-frontend/inditex-frontend/src/containers/episodeDetail/episodeDetail.tsx","statementMap":{"0":{"start":{"line":10,"column":22},"end":{"line":53,"column":1}},"1":{"start":{"line":11,"column":32},"end":{"line":11,"column":52}},"2":{"start":{"line":13,"column":35},"end":{"line":16,"column":3}},"3":{"start":{"line":17,"column":43},"end":{"line":17,"column":75}},"4":{"start":{"line":19,"column":2},"end":{"line":27,"column":42}},"5":{"start":{"line":20,"column":4},"end":{"line":26,"column":5}},"6":{"start":{"line":21,"column":30},"end":{"line":23,"column":8}},"7":{"start":{"line":22,"column":8},"end":{"line":22,"column":56}},"8":{"start":{"line":25,"column":6},"end":{"line":25,"column":34}},"9":{"start":{"line":29,"column":2},"end":{"line":52,"column":4}}},"fnMap":{"0":{"name":"(anonymous_0)","decl":{"start":{"line":10,"column":22},"end":{"line":10,"column":23}},"loc":{"start":{"line":10,"column":28},"end":{"line":53,"column":1}},"line":10},"1":{"name":"(anonymous_1)","decl":{"start":{"line":19,"column":12},"end":{"line":19,"column":13}},"loc":{"start":{"line":19,"column":18},"end":{"line":27,"column":3}},"line":19},"2":{"name":"(anonymous_2)","decl":{"start":{"line":21,"column":48},"end":{"line":21,"column":49}},"loc":{"start":{"line":21,"column":71},"end":{"line":23,"column":7}},"line":21}},"branchMap":{"0":{"loc":{"start":{"line":20,"column":4},"end":{"line":26,"column":5}},"type":"if","locations":[{"start":{"line":20,"column":4},"end":{"line":26,"column":5}},{"start":{},"end":{}}],"line":20},"1":{"loc":{"start":{"line":20,"column":8},"end":{"line":20,"column":33}},"type":"binary-expr","locations":[{"start":{"line":20,"column":8},"end":{"line":20,"column":19}},{"start":{"line":20,"column":23},"end":{"line":20,"column":33}}],"line":20},"2":{"loc":{"start":{"line":31,"column":7},"end":{"line":50,"column":7}},"type":"cond-expr","locations":[{"start":{"line":32,"column":8},"end":{"line":47,"column":15}},{"start":{"line":49,"column":8},"end":{"line":49,"column":33}}],"line":31}},"s":{"0":2,"1":5,"2":4,"3":4,"4":4,"5":3,"6":2,"7":2,"8":2,"9":4},"f":{"0":5,"1":3,"2":2},"b":{"0":[2,1],"1":[3,2],"2":[3,1]},"_coverageSchema":"1a1c01bbd47fc00a2c39e90264f33305004495a9","hash":"ee5aa9e69195be1df975ac1399d7237351d5b6b8"}
,"/Users/sergiosegura/Documents/React /inditex-frontend/inditex-frontend/src/containers/episodeList/episodeList.tsx": {"path":"/Users/sergiosegura/Documents/React /inditex-frontend/inditex-frontend/src/containers/episodeList/episodeList.tsx","statementMap":{"0":{"start":{"line":11,"column":20},"end":{"line":64,"column":1}},"1":{"start":{"line":12,"column":24},"end":{"line":14,"column":3}},"2":{"start":{"line":16,"column":32},"end":{"line":16,"column":43}},"3":{"start":{"line":17,"column":34},"end":{"line":17,"column":56}},"4":{"start":{"line":18,"column":19},"end":{"line":18,"column":32}},"5":{"start":{"line":24,"column":6},"end":{"line":24,"column":38}},"6":{"start":{"line":26,"column":2},"end":{"line":26,"column":33}},"7":{"start":{"line":28,"column":2},"end":{"line":33,"column":21}},"8":{"start":{"line":29,"column":4},"end":{"line":32,"column":5}},"9":{"start":{"line":30,"column":6},"end":{"line":30,"column":42}},"10":{"start":{"line":31,"column":6},"end":{"line":31,"column":32}},"11":{"start":{"line":35,"column":30},"end":{"line":37,"column":3}},"12":{"start":{"line":36,"column":4},"end":{"line":36,"column":37}},"13":{"start":{"line":39,"column":2},"end":{"line":63,"column":4}}},"fnMap":{"0":{"name":"(anonymous_0)","decl":{"start":{"line":11,"column":20},"end":{"line":11,"column":21}},"loc":{"start":{"line":11,"column":26},"end":{"line":64,"column":1}},"line":11},"1":{"name":"(anonymous_1)","decl":{"start":{"line":28,"column":12},"end":{"line":28,"column":13}},"loc":{"start":{"line":28,"column":18},"end":{"line":33,"column":3}},"line":28},"2":{"name":"(anonymous_2)","decl":{"start":{"line":35,"column":30},"end":{"line":35,"column":31}},"loc":{"start":{"line":35,"column":53},"end":{"line":37,"column":3}},"line":35}},"branchMap":{"0":{"loc":{"start":{"line":29,"column":4},"end":{"line":32,"column":5}},"type":"if","locations":[{"start":{"line":29,"column":4},"end":{"line":32,"column":5}},{"start":{},"end":{}}],"line":29},"1":{"loc":{"start":{"line":41,"column":7},"end":{"line":61,"column":7}},"type":"cond-expr","locations":[{"start":{"line":42,"column":8},"end":{"line":42,"column":77}},{"start":{"line":44,"column":8},"end":{"line":60,"column":20}}],"line":41},"2":{"loc":{"start":{"line":49,"column":13},"end":{"line":58,"column":13}},"type":"cond-expr","locations":[{"start":{"line":50,"column":14},"end":{"line":50,"column":38}},{"start":{"line":52,"column":14},"end":{"line":57,"column":15}}],"line":49},"3":{"loc":{"start":{"line":52,"column":14},"end":{"line":57,"column":15}},"type":"binary-expr","locations":[{"start":{"line":52,"column":14},"end":{"line":52,"column":36}},{"start":{"line":53,"column":16},"end":{"line":56,"column":18}}],"line":52}},"s":{"0":2,"1":7,"2":7,"3":6,"4":6,"5":6,"6":6,"7":6,"8":4,"9":2,"10":2,"11":6,"12":1,"13":6},"f":{"0":7,"1":4,"2":1},"b":{"0":[2,2],"1":[1,5],"2":[1,4],"3":[4,2]},"_coverageSchema":"1a1c01bbd47fc00a2c39e90264f33305004495a9","hash":"a13892635b1d4e82cefd11b20a7e80744ed1e473"}
,"/Users/sergiosegura/Documents/React /inditex-frontend/inditex-frontend/src/containers/header/header.tsx": {"path":"/Users/sergiosegura/Documents/React /inditex-frontend/inditex-frontend/src/containers/header/header.tsx","statementMap":{"0":{"start":{"line":5,"column":15},"end":{"line":9,"column":1}},"1":{"start":{"line":6,"column":24},"end":{"line":6,"column":58}},"2":{"start":{"line":8,"column":2},"end":{"line":8,"column":53}}},"fnMap":{"0":{"name":"(anonymous_0)","decl":{"start":{"line":5,"column":15},"end":{"line":5,"column":16}},"loc":{"start":{"line":5,"column":21},"end":{"line":9,"column":1}},"line":5}},"branchMap":{},"s":{"0":1,"1":2,"2":2},"f":{"0":2},"b":{},"_coverageSchema":"1a1c01bbd47fc00a2c39e90264f33305004495a9","hash":"fe8633d06ad4f2bff1a3a7e0f8c587631377cc54"}
,"/Users/sergiosegura/Documents/React /inditex-frontend/inditex-frontend/src/containers/podcastDetail/podcastDetail.tsx": {"path":"/Users/sergiosegura/Documents/React /inditex-frontend/inditex-frontend/src/containers/podcastDetail/podcastDetail.tsx","statementMap":{"0":{"start":{"line":9,"column":22},"end":{"line":52,"column":1}},"1":{"start":{"line":10,"column":24},"end":{"line":12,"column":3}},"2":{"start":{"line":13,"column":19},"end":{"line":13,"column":32}},"3":{"start":{"line":14,"column":32},"end":{"line":14,"column":58}},"4":{"start":{"line":16,"column":44},"end":{"line":16,"column":67}},"5":{"start":{"line":18,"column":2},"end":{"line":25,"column":43}},"6":{"start":{"line":19,"column":4},"end":{"line":24,"column":5}},"7":{"start":{"line":20,"column":29},"end":{"line":22,"column":8}},"8":{"start":{"line":21,"column":8},"end":{"line":21,"column":40}},"9":{"start":{"line":23,"column":6},"end":{"line":23,"column":33}},"10":{"start":{"line":27,"column":28},"end":{"line":29,"column":3}},"11":{"start":{"line":28,"column":4},"end":{"line":28,"column":38}},"12":{"start":{"line":31,"column":2},"end":{"line":51,"column":4}}},"fnMap":{"0":{"name":"(anonymous_0)","decl":{"start":{"line":9,"column":22},"end":{"line":9,"column":23}},"loc":{"start":{"line":9,"column":28},"end":{"line":52,"column":1}},"line":9},"1":{"name":"(anonymous_1)","decl":{"start":{"line":18,"column":12},"end":{"line":18,"column":13}},"loc":{"start":{"line":18,"column":18},"end":{"line":25,"column":3}},"line":18},"2":{"name":"(anonymous_2)","decl":{"start":{"line":20,"column":48},"end":{"line":20,"column":49}},"loc":{"start":{"line":20,"column":77},"end":{"line":22,"column":7}},"line":20},"3":{"name":"(anonymous_3)","decl":{"start":{"line":27,"column":28},"end":{"line":27,"column":29}},"loc":{"start":{"line":27,"column":34},"end":{"line":29,"column":3}},"line":27}},"branchMap":{"0":{"loc":{"start":{"line":19,"column":4},"end":{"line":24,"column":5}},"type":"if","locations":[{"start":{"line":19,"column":4},"end":{"line":24,"column":5}},{"start":{},"end":{}}],"line":19},"1":{"loc":{"start":{"line":19,"column":8},"end":{"line":19,"column":34}},"type":"binary-expr","locations":[{"start":{"line":19,"column":8},"end":{"line":19,"column":20}},{"start":{"line":19,"column":24},"end":{"line":19,"column":34}}],"line":19},"2":{"loc":{"start":{"line":36,"column":13},"end":{"line":43,"column":13}},"type":"cond-expr","locations":[{"start":{"line":37,"column":14},"end":{"line":40,"column":16}},{"start":{"line":42,"column":14},"end":{"line":42,"column":39}}],"line":36},"3":{"loc":{"start":{"line":36,"column":13},"end":{"line":36,"column":34}},"type":"binary-expr","locations":[{"start":{"line":36,"column":13},"end":{"line":36,"column":20}},{"start":{"line":36,"column":24},"end":{"line":36,"column":34}}],"line":36}},"s":{"0":2,"1":5,"2":5,"3":5,"4":4,"5":4,"6":2,"7":2,"8":2,"9":2,"10":4,"11":1,"12":4},"f":{"0":5,"1":2,"2":2,"3":1},"b":{"0":[2,0],"1":[2,2],"2":[2,2],"3":[4,2]},"_coverageSchema":"1a1c01bbd47fc00a2c39e90264f33305004495a9","hash":"baf9955d4a5ec5b519bf8d6a1ee7ce394b39979a"}
,"/Users/sergiosegura/Documents/React /inditex-frontend/inditex-frontend/src/containers/podcastsList/podcastsList.tsx": {"path":"/Users/sergiosegura/Documents/React /inditex-frontend/inditex-frontend/src/containers/podcastsList/podcastsList.tsx","statementMap":{"0":{"start":{"line":12,"column":30},"end":{"line":12,"column":50}},"1":{"start":{"line":14,"column":19},"end":{"line":14,"column":32}},"2":{"start":{"line":16,"column":44},"end":{"line":16,"column":67}},"3":{"start":{"line":18,"column":30},"end":{"line":21,"column":4}},"4":{"start":{"line":23,"column":24},"end":{"line":25,"column":3}},"5":{"start":{"line":24,"column":4},"end":{"line":24,"column":37}},"6":{"start":{"line":27,"column":25},"end":{"line":29,"column":3}},"7":{"start":{"line":28,"column":4},"end":{"line":28,"column":34}},"8":{"start":{"line":31,"column":2},"end":{"line":52,"column":4}},"9":{"start":{"line":40,"column":10},"end":{"line":46,"column":17}},"10":{"start":{"line":44,"column":35},"end":{"line":44,"column":60}}},"fnMap":{"0":{"name":"PodcastsList","decl":{"start":{"line":11,"column":9},"end":{"line":11,"column":21}},"loc":{"start":{"line":11,"column":24},"end":{"line":53,"column":1}},"line":11},"1":{"name":"(anonymous_1)","decl":{"start":{"line":23,"column":24},"end":{"line":23,"column":25}},"loc":{"start":{"line":23,"column":47},"end":{"line":25,"column":3}},"line":23},"2":{"name":"(anonymous_2)","decl":{"start":{"line":27,"column":25},"end":{"line":27,"column":26}},"loc":{"start":{"line":27,"column":73},"end":{"line":29,"column":3}},"line":27},"3":{"name":"(anonymous_3)","decl":{"start":{"line":39,"column":29},"end":{"line":39,"column":30}},"loc":{"start":{"line":40,"column":10},"end":{"line":46,"column":17}},"line":40},"4":{"name":"(anonymous_4)","decl":{"start":{"line":44,"column":29},"end":{"line":44,"column":30}},"loc":{"start":{"line":44,"column":35},"end":{"line":44,"column":60}},"line":44}},"branchMap":{"0":{"loc":{"start":{"line":36,"column":14},"end":{"line":36,"column":42}},"type":"binary-expr","locations":[{"start":{"line":36,"column":14},"end":{"line":36,"column":37}},{"start":{"line":36,"column":41},"end":{"line":36,"column":42}}],"line":36},"1":{"loc":{"start":{"line":38,"column":7},"end":{"line":50,"column":7}},"type":"cond-expr","locations":[{"start":{"line":39,"column":8},"end":{"line":47,"column":10}},{"start":{"line":49,"column":8},"end":{"line":49,"column":28}}],"line":38}},"s":{"0":7,"1":6,"2":6,"3":6,"4":6,"5":1,"6":6,"7":0,"8":6,"9":2,"10":1},"f":{"0":7,"1":1,"2":0,"3":2,"4":1},"b":{"0":[6,4],"1":[5,1]},"_coverageSchema":"1a1c01bbd47fc00a2c39e90264f33305004495a9","hash":"762dfe790369db9eb87ce1c59d8ec1497c2ac4df"}
,"/Users/sergiosegura/Documents/React /inditex-frontend/inditex-frontend/src/hooks/useGetFilteredPodcasts.ts": {"path":"/Users/sergiosegura/Documents/React /inditex-frontend/inditex-frontend/src/hooks/useGetFilteredPodcasts.ts","statementMap":{"0":{"start":{"line":9,"column":31},"end":{"line":30,"column":1}},"1":{"start":{"line":13,"column":48},"end":{"line":13,"column":78}},"2":{"start":{"line":15,"column":2},"end":{"line":27,"column":27}},"3":{"start":{"line":16,"column":4},"end":{"line":26,"column":5}},"4":{"start":{"line":17,"column":23},"end":{"line":23,"column":7}},"5":{"start":{"line":19,"column":10},"end":{"line":22,"column":52}},"6":{"start":{"line":25,"column":6},"end":{"line":25,"column":35}},"7":{"start":{"line":29,"column":2},"end":{"line":29,"column":29}}},"fnMap":{"0":{"name":"(anonymous_0)","decl":{"start":{"line":9,"column":31},"end":{"line":9,"column":32}},"loc":{"start":{"line":12,"column":20},"end":{"line":30,"column":1}},"line":12},"1":{"name":"(anonymous_1)","decl":{"start":{"line":15,"column":12},"end":{"line":15,"column":13}},"loc":{"start":{"line":15,"column":18},"end":{"line":27,"column":3}},"line":15},"2":{"name":"(anonymous_2)","decl":{"start":{"line":18,"column":8},"end":{"line":18,"column":9}},"loc":{"start":{"line":19,"column":10},"end":{"line":22,"column":52}},"line":19}},"branchMap":{"0":{"loc":{"start":{"line":16,"column":4},"end":{"line":26,"column":5}},"type":"if","locations":[{"start":{"line":16,"column":4},"end":{"line":26,"column":5}},{"start":{},"end":{}}],"line":16},"1":{"loc":{"start":{"line":19,"column":10},"end":{"line":22,"column":52}},"type":"binary-expr","locations":[{"start":{"line":19,"column":10},"end":{"line":20,"column":52}},{"start":{"line":21,"column":12},"end":{"line":22,"column":52}}],"line":19}},"s":{"0":2,"1":6,"2":6,"3":3,"4":3,"5":2,"6":3,"7":6},"f":{"0":6,"1":3,"2":2},"b":{"0":[3,0],"1":[2,0]},"_coverageSchema":"1a1c01bbd47fc00a2c39e90264f33305004495a9","hash":"d087979f5cdf94c8ba0608b0e4740c96e3c681f4"}
,"/Users/sergiosegura/Documents/React /inditex-frontend/inditex-frontend/src/hooks/useHandleEpisodeCache.ts": {"path":"/Users/sergiosegura/Documents/React /inditex-frontend/inditex-frontend/src/hooks/useHandleEpisodeCache.ts","statementMap":{"0":{"start":{"line":8,"column":21},"end":{"line":8,"column":40}},"1":{"start":{"line":10,"column":30},"end":{"line":44,"column":1}},"2":{"start":{"line":11,"column":19},"end":{"line":11,"column":32}},"3":{"start":{"line":13,"column":27},"end":{"line":13,"column":59}},"4":{"start":{"line":14,"column":42},"end":{"line":14,"column":64}},"5":{"start":{"line":17,"column":4},"end":{"line":17,"column":29}},"6":{"start":{"line":19,"column":2},"end":{"line":19,"column":33}},"7":{"start":{"line":21,"column":2},"end":{"line":30,"column":48}},"8":{"start":{"line":22,"column":4},"end":{"line":28,"column":5}},"9":{"start":{"line":26,"column":6},"end":{"line":26,"column":61}},"10":{"start":{"line":27,"column":6},"end":{"line":27,"column":13}},"11":{"start":{"line":29,"column":4},"end":{"line":29,"column":52}},"12":{"start":{"line":32,"column":2},"end":{"line":41,"column":41}},"13":{"start":{"line":33,"column":4},"end":{"line":40,"column":5}},"14":{"start":{"line":34,"column":6},"end":{"line":39,"column":8}},"15":{"start":{"line":43,"column":2},"end":{"line":43,"column":52}}},"fnMap":{"0":{"name":"(anonymous_0)","decl":{"start":{"line":10,"column":30},"end":{"line":10,"column":31}},"loc":{"start":{"line":10,"column":53},"end":{"line":44,"column":1}},"line":10},"1":{"name":"(anonymous_1)","decl":{"start":{"line":21,"column":12},"end":{"line":21,"column":13}},"loc":{"start":{"line":21,"column":18},"end":{"line":30,"column":3}},"line":21},"2":{"name":"(anonymous_2)","decl":{"start":{"line":32,"column":12},"end":{"line":32,"column":13}},"loc":{"start":{"line":32,"column":18},"end":{"line":41,"column":3}},"line":32}},"branchMap":{"0":{"loc":{"start":{"line":22,"column":4},"end":{"line":28,"column":5}},"type":"if","locations":[{"start":{"line":22,"column":4},"end":{"line":28,"column":5}},{"start":{},"end":{}}],"line":22},"1":{"loc":{"start":{"line":23,"column":6},"end":{"line":24,"column":71}},"type":"binary-expr","locations":[{"start":{"line":23,"column":6},"end":{"line":23,"column":33}},{"start":{"line":24,"column":6},"end":{"line":24,"column":71}}],"line":23},"2":{"loc":{"start":{"line":33,"column":4},"end":{"line":40,"column":5}},"type":"if","locations":[{"start":{"line":33,"column":4},"end":{"line":40,"column":5}},{"start":{},"end":{}}],"line":33}},"s":{"0":1,"1":1,"2":0,"3":0,"4":0,"5":0,"6":0,"7":0,"8":0,"9":0,"10":0,"11":0,"12":0,"13":0,"14":0,"15":0},"f":{"0":0,"1":0,"2":0},"b":{"0":[0,0],"1":[0,0],"2":[0,0]},"_coverageSchema":"1a1c01bbd47fc00a2c39e90264f33305004495a9","hash":"362edc4da7135528d6c620fb6d3793eb65a7beca"}
,"/Users/sergiosegura/Documents/React /inditex-frontend/inditex-frontend/src/hooks/useHandlePodcastCache.ts": {"path":"/Users/sergiosegura/Documents/React /inditex-frontend/inditex-frontend/src/hooks/useHandlePodcastCache.ts","statementMap":{"0":{"start":{"line":8,"column":21},"end":{"line":8,"column":40}},"1":{"start":{"line":14,"column":30},"end":{"line":39,"column":1}},"2":{"start":{"line":15,"column":19},"end":{"line":15,"column":32}},"3":{"start":{"line":16,"column":27},"end":{"line":16,"column":59}},"4":{"start":{"line":17,"column":42},"end":{"line":17,"column":72}},"5":{"start":{"line":20,"column":4},"end":{"line":20,"column":29}},"6":{"start":{"line":22,"column":2},"end":{"line":22,"column":33}},"7":{"start":{"line":24,"column":2},"end":{"line":30,"column":37}},"8":{"start":{"line":25,"column":4},"end":{"line":28,"column":5}},"9":{"start":{"line":26,"column":6},"end":{"line":26,"column":48}},"10":{"start":{"line":27,"column":6},"end":{"line":27,"column":13}},"11":{"start":{"line":29,"column":4},"end":{"line":29,"column":17}},"12":{"start":{"line":32,"column":2},"end":{"line":36,"column":31}},"13":{"start":{"line":33,"column":4},"end":{"line":35,"column":5}},"14":{"start":{"line":34,"column":6},"end":{"line":34,"column":62}},"15":{"start":{"line":38,"column":2},"end":{"line":38,"column":43}}},"fnMap":{"0":{"name":"(anonymous_0)","decl":{"start":{"line":14,"column":30},"end":{"line":14,"column":31}},"loc":{"start":{"line":14,"column":57},"end":{"line":39,"column":1}},"line":14},"1":{"name":"(anonymous_1)","decl":{"start":{"line":24,"column":12},"end":{"line":24,"column":13}},"loc":{"start":{"line":24,"column":18},"end":{"line":30,"column":3}},"line":24},"2":{"name":"(anonymous_2)","decl":{"start":{"line":32,"column":12},"end":{"line":32,"column":13}},"loc":{"start":{"line":32,"column":18},"end":{"line":36,"column":3}},"line":32}},"branchMap":{"0":{"loc":{"start":{"line":25,"column":4},"end":{"line":28,"column":5}},"type":"if","locations":[{"start":{"line":25,"column":4},"end":{"line":28,"column":5}},{"start":{},"end":{}}],"line":25},"1":{"loc":{"start":{"line":33,"column":4},"end":{"line":35,"column":5}},"type":"if","locations":[{"start":{"line":33,"column":4},"end":{"line":35,"column":5}},{"start":{},"end":{}}],"line":33}},"s":{"0":1,"1":1,"2":2,"3":2,"4":2,"5":2,"6":2,"7":2,"8":1,"9":0,"10":0,"11":1,"12":2,"13":1,"14":0,"15":2},"f":{"0":2,"1":1,"2":1},"b":{"0":[0,1],"1":[0,1]},"_coverageSchema":"1a1c01bbd47fc00a2c39e90264f33305004495a9","hash":"9d26c9ce442d7bbd008bcad5d63a0ab5f88e16db"}
,"/Users/sergiosegura/Documents/React /inditex-frontend/inditex-frontend/src/hooks/useSetIsLoadingPage.ts": {"path":"/Users/sergiosegura/Documents/React /inditex-frontend/inditex-frontend/src/hooks/useSetIsLoadingPage.ts","statementMap":{"0":{"start":{"line":5,"column":28},"end":{"line":11,"column":1}},"1":{"start":{"line":6,"column":19},"end":{"line":6,"column":32}},"2":{"start":{"line":8,"column":2},"end":{"line":10,"column":27}},"3":{"start":{"line":9,"column":4},"end":{"line":9,"column":42}}},"fnMap":{"0":{"name":"(anonymous_0)","decl":{"start":{"line":5,"column":28},"end":{"line":5,"column":29}},"loc":{"start":{"line":5,"column":52},"end":{"line":11,"column":1}},"line":5},"1":{"name":"(anonymous_1)","decl":{"start":{"line":8,"column":12},"end":{"line":8,"column":13}},"loc":{"start":{"line":8,"column":18},"end":{"line":10,"column":3}},"line":8}},"branchMap":{},"s":{"0":1,"1":2,"2":2,"3":2},"f":{"0":2,"1":2},"b":{},"_coverageSchema":"1a1c01bbd47fc00a2c39e90264f33305004495a9","hash":"9689c3bd4c78041a8051049a0a93b68957e04c00"}
,"/Users/sergiosegura/Documents/React /inditex-frontend/inditex-frontend/src/interfaces/episode.ts": {"path":"/Users/sergiosegura/Documents/React /inditex-frontend/inditex-frontend/src/interfaces/episode.ts","statementMap":{},"fnMap":{},"branchMap":{},"s":{},"f":{},"b":{}}
,"/Users/sergiosegura/Documents/React /inditex-frontend/inditex-frontend/src/interfaces/podcast.ts": {"path":"/Users/sergiosegura/Documents/React /inditex-frontend/inditex-frontend/src/interfaces/podcast.ts","statementMap":{},"fnMap":{},"branchMap":{},"s":{},"f":{},"b":{}}
,"/Users/sergiosegura/Documents/React /inditex-frontend/inditex-frontend/src/pages/episodePage/episodePage.tsx": {"path":"/Users/sergiosegura/Documents/React /inditex-frontend/inditex-frontend/src/pages/episodePage/episodePage.tsx","statementMap":{"0":{"start":{"line":3,"column":20},"end":{"line":5,"column":1}},"1":{"start":{"line":4,"column":2},"end":{"line":4,"column":27}}},"fnMap":{"0":{"name":"(anonymous_0)","decl":{"start":{"line":3,"column":20},"end":{"line":3,"column":21}},"loc":{"start":{"line":3,"column":26},"end":{"line":5,"column":1}},"line":3}},"branchMap":{},"s":{"0":2,"1":3},"f":{"0":3},"b":{},"_coverageSchema":"1a1c01bbd47fc00a2c39e90264f33305004495a9","hash":"3ffa2c0e4f0bb3635afd1b55733c76aab3046aa6"}
,"/Users/sergiosegura/Documents/React /inditex-frontend/inditex-frontend/src/pages/podcastPage/podcastPage.tsx": {"path":"/Users/sergiosegura/Documents/React /inditex-frontend/inditex-frontend/src/pages/podcastPage/podcastPage.tsx","statementMap":{"0":{"start":{"line":3,"column":20},"end":{"line":5,"column":1}},"1":{"start":{"line":4,"column":2},"end":{"line":4,"column":26}}},"fnMap":{"0":{"name":"(anonymous_0)","decl":{"start":{"line":3,"column":20},"end":{"line":3,"column":21}},"loc":{"start":{"line":3,"column":26},"end":{"line":5,"column":1}},"line":3}},"branchMap":{},"s":{"0":1,"1":1},"f":{"0":1},"b":{},"_coverageSchema":"1a1c01bbd47fc00a2c39e90264f33305004495a9","hash":"14e0706b77e7ad6b1c62d3362845c0305933df73"}
,"/Users/sergiosegura/Documents/React /inditex-frontend/inditex-frontend/src/redux/store.ts": {"path":"/Users/sergiosegura/Documents/React /inditex-frontend/inditex-frontend/src/redux/store.ts","statementMap":{"0":{"start":{"line":18,"column":22},"end":{"line":21,"column":1}},"1":{"start":{"line":23,"column":25},"end":{"line":23,"column":68}},"2":{"start":{"line":25,"column":21},"end":{"line":35,"column":2}},"3":{"start":{"line":31,"column":4},"end":{"line":34,"column":40}},"4":{"start":{"line":37,"column":25},"end":{"line":37,"column":44}}},"fnMap":{"0":{"name":"(anonymous_0)","decl":{"start":{"line":30,"column":14},"end":{"line":30,"column":15}},"loc":{"start":{"line":31,"column":4},"end":{"line":34,"column":40}},"line":31}},"branchMap":{},"s":{"0":10,"1":10,"2":10,"3":10,"4":10},"f":{"0":10},"b":{},"_coverageSchema":"1a1c01bbd47fc00a2c39e90264f33305004495a9","hash":"a866d4fe373a2291240207c0a5a72b79d8348c36"}
,"/Users/sergiosegura/Documents/React /inditex-frontend/inditex-frontend/src/redux/slices/apiSlice.ts": {"path":"/Users/sergiosegura/Documents/React /inditex-frontend/inditex-frontend/src/redux/slices/apiSlice.ts","statementMap":{"0":{"start":{"line":7,"column":26},"end":{"line":9,"column":2}},"1":{"start":{"line":11,"column":94},"end":{"line":32,"column":1}},"2":{"start":{"line":12,"column":15},"end":{"line":12,"column":63}},"3":{"start":{"line":14,"column":2},"end":{"line":30,"column":3}},"4":{"start":{"line":15,"column":4},"end":{"line":15,"column":72}},"5":{"start":{"line":16,"column":4},"end":{"line":29,"column":5}},"6":{"start":{"line":17,"column":18},"end":{"line":17,"column":60}},"7":{"start":{"line":18,"column":28},"end":{"line":18,"column":91}},"8":{"start":{"line":19,"column":23},"end":{"line":19,"column":49}},"9":{"start":{"line":21,"column":6},"end":{"line":23,"column":7}},"10":{"start":{"line":22,"column":8},"end":{"line":22,"column":111}},"11":{"start":{"line":25,"column":19},"end":{"line":25,"column":40}},"12":{"start":{"line":26,"column":6},"end":{"line":26,"column":49}},"13":{"start":{"line":28,"column":6},"end":{"line":28,"column":134}},"14":{"start":{"line":31,"column":2},"end":{"line":31,"column":16}},"15":{"start":{"line":34,"column":17},"end":{"line":67,"column":2}},"16":{"start":{"line":38,"column":27},"end":{"line":66,"column":3}},"17":{"start":{"line":41,"column":8},"end":{"line":44,"column":10}},"18":{"start":{"line":47,"column":8},"end":{"line":47,"column":41}},"19":{"start":{"line":49,"column":26},"end":{"line":49,"column":48}},"20":{"start":{"line":55,"column":8},"end":{"line":58,"column":10}},"21":{"start":{"line":61,"column":8},"end":{"line":61,"column":33}},"22":{"start":{"line":63,"column":26},"end":{"line":63,"column":48}},"23":{"start":{"line":69,"column":110},"end":{"line":69,"column":118}}},"fnMap":{"0":{"name":"(anonymous_0)","decl":{"start":{"line":11,"column":94},"end":{"line":11,"column":95}},"loc":{"start":{"line":11,"column":129},"end":{"line":32,"column":1}},"line":11},"1":{"name":"(anonymous_1)","decl":{"start":{"line":38,"column":13},"end":{"line":38,"column":14}},"loc":{"start":{"line":38,"column":27},"end":{"line":66,"column":3}},"line":38},"2":{"name":"(anonymous_2)","decl":{"start":{"line":40,"column":13},"end":{"line":40,"column":14}},"loc":{"start":{"line":40,"column":19},"end":{"line":45,"column":7}},"line":40},"3":{"name":"(anonymous_3)","decl":{"start":{"line":46,"column":25},"end":{"line":46,"column":26}},"loc":{"start":{"line":46,"column":58},"end":{"line":48,"column":7}},"line":46},"4":{"name":"(anonymous_4)","decl":{"start":{"line":49,"column":20},"end":{"line":49,"column":21}},"loc":{"start":{"line":49,"column":26},"end":{"line":49,"column":48}},"line":49},"5":{"name":"(anonymous_5)","decl":{"start":{"line":54,"column":13},"end":{"line":54,"column":14}},"loc":{"start":{"line":54,"column":30},"end":{"line":59,"column":7}},"line":54},"6":{"name":"(anonymous_6)","decl":{"start":{"line":60,"column":25},"end":{"line":60,"column":26}},"loc":{"start":{"line":60,"column":57},"end":{"line":62,"column":7}},"line":60},"7":{"name":"(anonymous_7)","decl":{"start":{"line":63,"column":20},"end":{"line":63,"column":21}},"loc":{"start":{"line":63,"column":26},"end":{"line":63,"column":48}},"line":63}},"branchMap":{"0":{"loc":{"start":{"line":14,"column":2},"end":{"line":30,"column":3}},"type":"if","locations":[{"start":{"line":14,"column":2},"end":{"line":30,"column":3}},{"start":{},"end":{}}],"line":14},"1":{"loc":{"start":{"line":14,"column":6},"end":{"line":14,"column":121}},"type":"binary-expr","locations":[{"start":{"line":14,"column":6},"end":{"line":14,"column":18}},{"start":{"line":14,"column":23},"end":{"line":14,"column":60}},{"start":{"line":14,"column":64},"end":{"line":14,"column":91}},{"start":{"line":14,"column":95},"end":{"line":14,"column":120}}],"line":14},"2":{"loc":{"start":{"line":17,"column":18},"end":{"line":17,"column":60}},"type":"cond-expr","locations":[{"start":{"line":17,"column":45},"end":{"line":17,"column":49}},{"start":{"line":17,"column":52},"end":{"line":17,"column":60}}],"line":17},"3":{"loc":{"start":{"line":21,"column":6},"end":{"line":23,"column":7}},"type":"if","locations":[{"start":{"line":21,"column":6},"end":{"line":23,"column":7}},{"start":{},"end":{}}],"line":21}},"s":{"0":10,"1":10,"2":1,"3":0,"4":0,"5":0,"6":0,"7":0,"8":0,"9":0,"10":0,"11":0,"12":0,"13":0,"14":0,"15":10,"16":10,"17":1,"18":0,"19":0,"20":0,"21":0,"22":0,"23":10},"f":{"0":1,"1":10,"2":1,"3":0,"4":0,"5":0,"6":0,"7":0},"b":{"0":[0,0],"1":[0,0,0,0],"2":[0,0],"3":[0,0]},"_coverageSchema":"1a1c01bbd47fc00a2c39e90264f33305004495a9","hash":"e6b7f2c34dfa3f31fda2f5eac01d1e8f6b526b16"}
,"/Users/sergiosegura/Documents/React /inditex-frontend/inditex-frontend/src/redux/slices/mainSlice.ts": {"path":"/Users/sergiosegura/Documents/React /inditex-frontend/inditex-frontend/src/redux/slices/mainSlice.ts","statementMap":{"0":{"start":{"line":22,"column":33},"end":{"line":29,"column":1}},"1":{"start":{"line":31,"column":25},"end":{"line":62,"column":2}},"2":{"start":{"line":36,"column":6},"end":{"line":36,"column":43}},"3":{"start":{"line":44,"column":6},"end":{"line":47,"column":8}},"4":{"start":{"line":56,"column":6},"end":{"line":59,"column":8}},"5":{"start":{"line":64,"column":36},"end":{"line":64,"column":53}},"6":{"start":{"line":65,"column":34},"end":{"line":65,"column":51}},"7":{"start":{"line":66,"column":34},"end":{"line":66,"column":51}},"8":{"start":{"line":70,"column":37},"end":{"line":71,"column":26}},"9":{"start":{"line":71,"column":2},"end":{"line":71,"column":26}},"10":{"start":{"line":72,"column":35},"end":{"line":72,"column":79}},"11":{"start":{"line":72,"column":57},"end":{"line":72,"column":79}},"12":{"start":{"line":73,"column":35},"end":{"line":73,"column":79}},"13":{"start":{"line":73,"column":57},"end":{"line":73,"column":79}}},"fnMap":{"0":{"name":"(anonymous_0)","decl":{"start":{"line":35,"column":22},"end":{"line":35,"column":23}},"loc":{"start":{"line":35,"column":65},"end":{"line":37,"column":5}},"line":35},"1":{"name":"(anonymous_1)","decl":{"start":{"line":38,"column":20},"end":{"line":38,"column":21}},"loc":{"start":{"line":43,"column":9},"end":{"line":48,"column":5}},"line":43},"2":{"name":"(anonymous_2)","decl":{"start":{"line":49,"column":20},"end":{"line":49,"column":21}},"loc":{"start":{"line":55,"column":9},"end":{"line":60,"column":5}},"line":55},"3":{"name":"(anonymous_3)","decl":{"start":{"line":70,"column":37},"end":{"line":70,"column":38}},"loc":{"start":{"line":71,"column":2},"end":{"line":71,"column":26}},"line":71},"4":{"name":"(anonymous_4)","decl":{"start":{"line":72,"column":35},"end":{"line":72,"column":36}},"loc":{"start":{"line":72,"column":57},"end":{"line":72,"column":79}},"line":72},"5":{"name":"(anonymous_5)","decl":{"start":{"line":73,"column":35},"end":{"line":73,"column":36}},"loc":{"start":{"line":73,"column":57},"end":{"line":73,"column":79}},"line":73}},"branchMap":{},"s":{"0":10,"1":10,"2":2,"3":0,"4":0,"5":10,"6":10,"7":10,"8":10,"9":3,"10":10,"11":5,"12":10,"13":0},"f":{"0":2,"1":0,"2":0,"3":3,"4":5,"5":0},"b":{},"_coverageSchema":"1a1c01bbd47fc00a2c39e90264f33305004495a9","hash":"d1abfc9d9ba42dd0e5a8f79394b2536649cd1258"}
,"/Users/sergiosegura/Documents/React /inditex-frontend/inditex-frontend/src/utils/constant.ts": {"path":"/Users/sergiosegura/Documents/React /inditex-frontend/inditex-frontend/src/utils/constant.ts","statementMap":{"0":{"start":{"line":1,"column":23},"end":{"line":1,"column":50}},"1":{"start":{"line":2,"column":32},"end":{"line":2,"column":78}},"2":{"start":{"line":4,"column":2},"end":{"line":4,"column":55}}},"fnMap":{},"branchMap":{},"s":{"0":10,"1":10,"2":10},"f":{},"b":{},"_coverageSchema":"1a1c01bbd47fc00a2c39e90264f33305004495a9","hash":"841c31d6c8f9340fb51ce36466407da68ec8312d"}
,"/Users/sergiosegura/Documents/React /inditex-frontend/inditex-frontend/src/utils/utils.ts": {"path":"/Users/sergiosegura/Documents/React /inditex-frontend/inditex-frontend/src/utils/utils.ts","statementMap":{"0":{"start":{"line":4,"column":2},"end":{"line":4,"column":52}},"1":{"start":{"line":8,"column":15},"end":{"line":8,"column":33}},"2":{"start":{"line":9,"column":16},"end":{"line":9,"column":78}},"3":{"start":{"line":11,"column":4},"end":{"line":11,"column":72}},"4":{"start":{"line":13,"column":4},"end":{"line":13,"column":72}},"5":{"start":{"line":15,"column":23},"end":{"line":15,"column":55}},"6":{"start":{"line":17,"column":2},"end":{"line":17,"column":22}},"7":{"start":{"line":21,"column":16},"end":{"line":41,"column":4}},"8":{"start":{"line":29,"column":8},"end":{"line":29,"column":13}},"9":{"start":{"line":31,"column":21},"end":{"line":31,"column":52}},"10":{"start":{"line":33,"column":4},"end":{"line":40,"column":6}},"11":{"start":{"line":42,"column":2},"end":{"line":42,"column":16}}},"fnMap":{"0":{"name":"DateTransform","decl":{"start":{"line":3,"column":16},"end":{"line":3,"column":29}},"loc":{"start":{"line":3,"column":44},"end":{"line":5,"column":1}},"line":3},"1":{"name":"milliSecondsToTime","decl":{"start":{"line":7,"column":16},"end":{"line":7,"column":34}},"loc":{"start":{"line":7,"column":53},"end":{"line":18,"column":1}},"line":7},"2":{"name":"transformPodcast","decl":{"start":{"line":20,"column":16},"end":{"line":20,"column":32}},"loc":{"start":{"line":20,"column":76},"end":{"line":43,"column":1}},"line":20},"3":{"name":"(anonymous_3)","decl":{"start":{"line":21,"column":39},"end":{"line":21,"column":40}},"loc":{"start":{"line":21,"column":48},"end":{"line":41,"column":3}},"line":21}},"branchMap":{"0":{"loc":{"start":{"line":9,"column":16},"end":{"line":9,"column":78}},"type":"cond-expr","locations":[{"start":{"line":9,"column":39},"end":{"line":9,"column":60}},{"start":{"line":9,"column":63},"end":{"line":9,"column":78}}],"line":9},"1":{"loc":{"start":{"line":11,"column":4},"end":{"line":11,"column":72}},"type":"cond-expr","locations":[{"start":{"line":11,"column":29},"end":{"line":11,"column":52}},{"start":{"line":11,"column":55},"end":{"line":11,"column":72}}],"line":11},"2":{"loc":{"start":{"line":13,"column":4},"end":{"line":13,"column":72}},"type":"cond-expr","locations":[{"start":{"line":13,"column":29},"end":{"line":13,"column":52}},{"start":{"line":13,"column":55},"end":{"line":13,"column":72}}],"line":13}},"s":{"0":41,"1":41,"2":41,"3":41,"4":41,"5":41,"6":41,"7":2,"8":20,"9":20,"10":20,"11":2},"f":{"0":41,"1":41,"2":2,"3":20},"b":{"0":[41,0],"1":[2,39],"2":[9,32]},"_coverageSchema":"1a1c01bbd47fc00a2c39e90264f33305004495a9","hash":"75a5f07b20345ef673418bc091ad76417714cd8b"}
,"/Users/sergiosegura/Documents/React /inditex-frontend/inditex-frontend/src/utils/test/mocks.ts": {"path":"/Users/sergiosegura/Documents/React /inditex-frontend/inditex-frontend/src/utils/test/mocks.ts","statementMap":{"0":{"start":{"line":4,"column":47},"end":{"line":277,"column":1}},"1":{"start":{"line":279,"column":73},"end":{"line":472,"column":1}}},"fnMap":{},"branchMap":{},"s":{"0":3,"1":3},"f":{},"b":{},"_coverageSchema":"1a1c01bbd47fc00a2c39e90264f33305004495a9","hash":"6d5ccbfb0d06e9442c590ee3ff26bea16fc98f5a"}
,"/Users/sergiosegura/Documents/React /inditex-frontend/inditex-frontend/src/utils/test/test.tsx": {"path":"/Users/sergiosegura/Documents/React /inditex-frontend/inditex-frontend/src/utils/test/test.tsx","statementMap":{"0":{"start":{"line":8,"column":14},"end":{"line":14,"column":2}},"1":{"start":{"line":13,"column":4},"end":{"line":13,"column":54}},"2":{"start":{"line":16,"column":27},"end":{"line":36,"column":1}},"3":{"start":{"line":25,"column":2},"end":{"line":35,"column":4}}},"fnMap":{"0":{"name":"(anonymous_0)","decl":{"start":{"line":12,"column":14},"end":{"line":12,"column":15}},"loc":{"start":{"line":13,"column":4},"end":{"line":13,"column":54}},"line":13},"1":{"name":"(anonymous_1)","decl":{"start":{"line":16,"column":27},"end":{"line":16,"column":28}},"loc":{"start":{"line":24,"column":6},"end":{"line":36,"column":1}},"line":24}},"branchMap":{"0":{"loc":{"start":{"line":18,"column":2},"end":{"line":18,"column":11}},"type":"default-arg","locations":[{"start":{"line":18,"column":8},"end":{"line":18,"column":11}}],"line":18},"1":{"loc":{"start":{"line":19,"column":2},"end":{"line":19,"column":12}},"type":"default-arg","locations":[{"start":{"line":19,"column":9},"end":{"line":19,"column":12}}],"line":19}},"s":{"0":9,"1":9,"2":9,"3":16},"f":{"0":9,"1":16},"b":{"0":[8],"1":[8]},"_coverageSchema":"1a1c01bbd47fc00a2c39e90264f33305004495a9","hash":"0748427b916a4a89b6616c624f9e3ede7c286c93"}
}
