TN:
SF:src/App.tsx
FN:13,App
FNF:1
FNH:1
FNDA:1,App
DA:14,1
LF:1
LH:1
BRF:0
BRH:0
end_of_record
TN:
SF:src/index.tsx
FNF:0
FNH:0
DA:7,0
DA:10,0
DA:19,0
LF:3
LH:0
BRF:0
BRH:0
end_of_record
TN:
SF:src/reportWebVitals.ts
FN:3,(anonymous_0)
FN:5,(anonymous_1)
FNF:2
FNH:0
FNDA:0,(anonymous_0)
FNDA:0,(anonymous_1)
DA:3,0
DA:4,0
DA:5,0
DA:6,0
DA:7,0
DA:8,0
DA:9,0
DA:10,0
LF:8
LH:0
BRDA:4,0,0,0
BRDA:4,0,1,0
BRDA:4,1,0,0
BRDA:4,1,1,0
BRF:4
BRH:0
end_of_record
TN:
SF:src/router.tsx
FN:8,(anonymous_0)
FNF:1
FNH:1
FNDA:1,(anonymous_0)
DA:8,1
DA:9,1
LF:2
LH:2
BRF:0
BRH:0
end_of_record
TN:
SF:src/components/episodeCouter/episodeCounter.tsx
FN:8,(anonymous_0)
FNF:1
FNH:1
FNDA:7,(anonymous_0)
DA:8,3
DA:9,7
LF:2
LH:2
BRDA:11,0,0,5
BRDA:11,0,1,2
BRF:2
BRH:2
end_of_record
TN:
SF:src/components/episodeTable/episodeTable.tsx
FN:14,(anonymous_0)
FN:25,(anonymous_1)
FN:48,(anonymous_2)
FN:60,(anonymous_3)
FNF:4
FNH:4
FNDA:65,(anonymous_0)
FNDA:4,(anonymous_1)
FNDA:48,(anonymous_2)
FNDA:1,(anonymous_3)
DA:14,65
DA:25,3
DA:26,4
DA:49,48
DA:50,44
DA:60,1
DA:75,4
LF:7
LH:7
BRDA:47,0,0,4
BRDA:47,0,1,4
BRDA:49,1,0,44
BRDA:49,1,1,4
BRDA:52,2,0,0
BRDA:52,2,1,44
BRDA:65,3,0,40
BRDA:65,3,1,4
BRDA:68,4,0,40
BRDA:68,4,1,4
BRF:10
BRH:9
end_of_record
TN:
SF:src/components/filterInput/filterInput.tsx
FN:12,(anonymous_0)
FNF:1
FNH:1
FNDA:7,(anonymous_0)
DA:12,3
DA:17,7
LF:2
LH:2
BRF:0
BRH:0
end_of_record
TN:
SF:src/components/headerSection/headerSection.tsx
FN:4,HeaderSection
FNF:1
FNH:1
FNDA:3,HeaderSection
DA:5,3
LF:1
LH:1
BRDA:13,0,0,3
BRDA:13,0,1,1
BRF:2
BRH:2
end_of_record
TN:
SF:src/components/podcast/podcasts.tsx
FN:18,(anonymous_0)
FNF:1
FNH:1
FNDA:3,(anonymous_0)
DA:18,3
DA:22,3
DA:24,3
LF:3
LH:3
BRF:0
BRH:0
end_of_record
TN:
SF:src/components/podcastDescriptionCard/podcastDescriptionCard.tsx
FN:16,PodcastDescriptionCard
FNF:1
FNH:1
FNDA:3,PodcastDescriptionCard
DA:20,3
DA:22,3
LF:2
LH:2
BRF:0
BRH:0
end_of_record
TN:
SF:src/components/skeletons/skeletonCardList.tsx
FN:3,(anonymous_0)
FN:6,(anonymous_1)
FNF:2
FNH:2
FNDA:1,(anonymous_0)
FNDA:12,(anonymous_1)
DA:3,2
DA:4,1
DA:7,12
LF:3
LH:3
BRF:0
BRH:0
end_of_record
TN:
SF:src/components/skeletons/skeletonEpisodePlayer.tsx
FN:3,SkeletonEpisodePlayer
FN:8,(anonymous_1)
FNF:2
FNH:2
FNDA:2,SkeletonEpisodePlayer
FNDA:42,(anonymous_1)
DA:4,2
DA:9,42
DA:10,42
LF:3
LH:3
BRF:0
BRH:0
end_of_record
TN:
SF:src/components/skeletons/skeletonPodcastDetail.tsx
FN:9,SkeletonPodcastDetail
FNF:1
FNH:1
FNDA:2,SkeletonPodcastDetail
DA:10,2
LF:1
LH:1
BRF:0
BRH:0
end_of_record
TN:
SF:src/components/skeletons/skeletonTableEpisodeDetail.tsx
FN:13,SkeletonTableEpisode
FN:34,(anonymous_1)
FNF:2
FNH:2
FNDA:2,SkeletonTableEpisode
FNDA:42,(anonymous_1)
DA:14,2
DA:35,42
LF:2
LH:2
BRF:0
BRH:0
end_of_record
TN:
SF:src/containers/episodeDetail/episodeDetail.tsx
FN:10,(anonymous_0)
FN:19,(anonymous_1)
FN:21,(anonymous_2)
FNF:3
FNH:3
FNDA:5,(anonymous_0)
FNDA:3,(anonymous_1)
FNDA:2,(anonymous_2)
DA:10,2
DA:11,5
DA:13,4
DA:17,4
DA:19,4
DA:20,3
DA:21,2
DA:22,2
DA:25,2
DA:29,4
LF:10
LH:10
BRDA:20,0,0,2
BRDA:20,0,1,1
BRDA:20,1,0,3
BRDA:20,1,1,2
BRDA:31,2,0,3
BRDA:31,2,1,1
BRF:6
BRH:6
end_of_record
TN:
SF:src/containers/episodeList/episodeList.tsx
FN:11,(anonymous_0)
FN:28,(anonymous_1)
FN:35,(anonymous_2)
FNF:3
FNH:3
FNDA:7,(anonymous_0)
FNDA:4,(anonymous_1)
FNDA:1,(anonymous_2)
DA:11,2
DA:12,7
DA:16,7
DA:17,6
DA:18,6
DA:24,6
DA:26,6
DA:28,6
DA:29,4
DA:30,2
DA:31,2
DA:35,6
DA:36,1
DA:39,6
LF:14
LH:14
BRDA:29,0,0,2
BRDA:29,0,1,2
BRDA:41,1,0,1
BRDA:41,1,1,5
BRDA:49,2,0,1
BRDA:49,2,1,4
BRDA:52,3,0,4
BRDA:52,3,1,2
BRF:8
BRH:8
end_of_record
TN:
SF:src/containers/header/header.tsx
FN:5,(anonymous_0)
FNF:1
FNH:1
FNDA:2,(anonymous_0)
DA:5,1
DA:6,2
DA:8,2
LF:3
LH:3
BRF:0
BRH:0
end_of_record
TN:
SF:src/containers/podcastDetail/podcastDetail.tsx
FN:9,(anonymous_0)
FN:18,(anonymous_1)
FN:20,(anonymous_2)
FN:27,(anonymous_3)
FNF:4
FNH:4
FNDA:5,(anonymous_0)
FNDA:2,(anonymous_1)
FNDA:2,(anonymous_2)
FNDA:1,(anonymous_3)
DA:9,2
DA:10,5
DA:13,5
DA:14,5
DA:16,4
DA:18,4
DA:19,2
DA:20,2
DA:21,2
DA:23,2
DA:27,4
DA:28,1
DA:31,4
LF:13
LH:13
BRDA:19,0,0,2
BRDA:19,0,1,0
BRDA:19,1,0,2
BRDA:19,1,1,2
BRDA:36,2,0,2
BRDA:36,2,1,2
BRDA:36,3,0,4
BRDA:36,3,1,2
BRF:8
BRH:7
end_of_record
TN:
SF:src/containers/podcastsList/podcastsList.tsx
FN:11,PodcastsList
FN:23,(anonymous_1)
FN:27,(anonymous_2)
FN:39,(anonymous_3)
FN:44,(anonymous_4)
FNF:5
FNH:4
FNDA:7,PodcastsList
FNDA:1,(anonymous_1)
FNDA:0,(anonymous_2)
FNDA:2,(anonymous_3)
FNDA:1,(anonymous_4)
DA:12,7
DA:14,6
DA:16,6
DA:18,6
DA:23,6
DA:24,1
DA:27,6
DA:28,0
DA:31,6
DA:40,2
DA:44,1
LF:11
LH:10
BRDA:36,0,0,6
BRDA:36,0,1,4
BRDA:38,1,0,5
BRDA:38,1,1,1
BRF:4
BRH:4
end_of_record
TN:
SF:src/hooks/useGetFilteredPodcasts.ts
FN:9,(anonymous_0)
FN:15,(anonymous_1)
FN:18,(anonymous_2)
FNF:3
FNH:3
FNDA:6,(anonymous_0)
FNDA:3,(anonymous_1)
FNDA:2,(anonymous_2)
DA:9,2
DA:13,6
DA:15,6
DA:16,3
DA:17,3
DA:19,2
DA:25,3
DA:29,6
LF:8
LH:8
BRDA:16,0,0,3
BRDA:16,0,1,0
BRDA:19,1,0,2
BRDA:19,1,1,0
BRF:4
BRH:2
end_of_record
TN:
SF:src/hooks/useHandleEpisodeCache.ts
FN:10,(anonymous_0)
FN:21,(anonymous_1)
FN:32,(anonymous_2)
FNF:3
FNH:0
FNDA:0,(anonymous_0)
FNDA:0,(anonymous_1)
FNDA:0,(anonymous_2)
DA:8,1
DA:10,1
DA:11,0
DA:13,0
DA:14,0
DA:17,0
DA:19,0
DA:21,0
DA:22,0
DA:26,0
DA:27,0
DA:29,0
DA:32,0
DA:33,0
DA:34,0
DA:43,0
LF:16
LH:2
BRDA:22,0,0,0
BRDA:22,0,1,0
BRDA:23,1,0,0
BRDA:23,1,1,0
BRDA:33,2,0,0
BRDA:33,2,1,0
BRF:6
BRH:0
end_of_record
TN:
SF:src/hooks/useHandlePodcastCache.ts
FN:14,(anonymous_0)
FN:24,(anonymous_1)
FN:32,(anonymous_2)
FNF:3
FNH:3
FNDA:2,(anonymous_0)
FNDA:1,(anonymous_1)
FNDA:1,(anonymous_2)
DA:8,1
DA:14,1
DA:15,2
DA:16,2
DA:17,2
DA:20,2
DA:22,2
DA:24,2
DA:25,1
DA:26,0
DA:27,0
DA:29,1
DA:32,2
DA:33,1
DA:34,0
DA:38,2
LF:16
LH:13
BRDA:25,0,0,0
BRDA:25,0,1,1
BRDA:33,1,0,0
BRDA:33,1,1,1
BRF:4
BRH:2
end_of_record
TN:
SF:src/hooks/useSetIsLoadingPage.ts
FN:5,(anonymous_0)
FN:8,(anonymous_1)
FNF:2
FNH:2
FNDA:2,(anonymous_0)
FNDA:2,(anonymous_1)
DA:5,1
DA:6,2
DA:8,2
DA:9,2
LF:4
LH:4
BRF:0
BRH:0
end_of_record
TN:
SF:src/interfaces/episode.ts
FNF:0
FNH:0
LF:0
LH:0
BRF:0
BRH:0
end_of_record
TN:
SF:src/interfaces/podcast.ts
FNF:0
FNH:0
LF:0
LH:0
BRF:0
BRH:0
end_of_record
TN:
SF:src/pages/episodePage/episodePage.tsx
FN:3,(anonymous_0)
FNF:1
FNH:1
FNDA:3,(anonymous_0)
DA:3,2
DA:4,3
LF:2
LH:2
BRF:0
BRH:0
end_of_record
TN:
SF:src/pages/podcastPage/podcastPage.tsx
FN:3,(anonymous_0)
FNF:1
FNH:1
FNDA:1,(anonymous_0)
DA:3,1
DA:4,1
LF:2
LH:2
BRF:0
BRH:0
end_of_record
TN:
SF:src/redux/store.ts
FN:30,(anonymous_0)
FNF:1
FNH:1
FNDA:10,(anonymous_0)
DA:18,10
DA:23,10
DA:25,10
DA:31,10
DA:37,10
LF:5
LH:5
BRF:0
BRH:0
end_of_record
TN:
SF:src/redux/slices/apiSlice.ts
FN:11,(anonymous_0)
FN:38,(anonymous_1)
FN:40,(anonymous_2)
FN:46,(anonymous_3)
FN:49,(anonymous_4)
FN:54,(anonymous_5)
FN:60,(anonymous_6)
FN:63,(anonymous_7)
FNF:8
FNH:3
FNDA:1,(anonymous_0)
FNDA:10,(anonymous_1)
FNDA:1,(anonymous_2)
FNDA:0,(anonymous_3)
FNDA:0,(anonymous_4)
FNDA:0,(anonymous_5)
FNDA:0,(anonymous_6)
FNDA:0,(anonymous_7)
DA:7,10
DA:11,10
DA:12,1
DA:14,0
DA:15,0
DA:16,0
DA:17,0
DA:18,0
DA:19,0
DA:21,0
DA:22,0
DA:25,0
DA:26,0
DA:28,0
DA:31,0
DA:34,10
DA:38,10
DA:41,1
DA:47,0
DA:49,0
DA:55,0
DA:61,0
DA:63,0
DA:69,10
LF:24
LH:7
BRDA:14,0,0,0
BRDA:14,0,1,0
BRDA:14,1,0,0
BRDA:14,1,1,0
BRDA:14,1,2,0
BRDA:14,1,3,0
BRDA:17,2,0,0
BRDA:17,2,1,0
BRDA:21,3,0,0
BRDA:21,3,1,0
BRF:10
BRH:0
end_of_record
TN:
SF:src/redux/slices/mainSlice.ts
FN:35,(anonymous_0)
FN:38,(anonymous_1)
FN:49,(anonymous_2)
FN:70,(anonymous_3)
FN:72,(anonymous_4)
FN:73,(anonymous_5)
FNF:6
FNH:3
FNDA:2,(anonymous_0)
FNDA:0,(anonymous_1)
FNDA:0,(anonymous_2)
FNDA:3,(anonymous_3)
FNDA:5,(anonymous_4)
FNDA:0,(anonymous_5)
DA:22,10
DA:31,10
DA:36,2
DA:44,0
DA:56,0
DA:64,10
DA:65,10
DA:66,10
DA:70,10
DA:71,3
DA:72,10
DA:73,10
LF:12
LH:10
BRF:0
BRH:0
end_of_record
TN:
SF:src/utils/constant.ts
FNF:0
FNH:0
DA:1,10
DA:2,10
DA:4,10
LF:3
LH:3
BRF:0
BRH:0
end_of_record
TN:
SF:src/utils/utils.ts
FN:3,DateTransform
FN:7,milliSecondsToTime
FN:20,transformPodcast
FN:21,(anonymous_3)
FNF:4
FNH:4
FNDA:41,DateTransform
FNDA:41,milliSecondsToTime
FNDA:2,transformPodcast
FNDA:20,(anonymous_3)
DA:4,41
DA:8,41
DA:9,41
DA:11,41
DA:13,41
DA:15,41
DA:17,41
DA:21,2
DA:29,20
DA:31,20
DA:33,20
DA:42,2
LF:12
LH:12
BRDA:9,0,0,41
BRDA:9,0,1,0
BRDA:11,1,0,2
BRDA:11,1,1,39
BRDA:13,2,0,9
BRDA:13,2,1,32
BRF:6
BRH:5
end_of_record
TN:
SF:src/utils/test/mocks.ts
FNF:0
FNH:0
DA:4,3
DA:279,3
LF:2
LH:2
BRF:0
BRH:0
end_of_record
TN:
SF:src/utils/test/test.tsx
FN:12,(anonymous_0)
FN:16,(anonymous_1)
FNF:2
FNH:2
FNDA:9,(anonymous_0)
FNDA:16,(anonymous_1)
DA:8,9
DA:13,9
DA:16,9
DA:25,16
LF:4
LH:4
BRDA:18,0,0,8
BRDA:19,1,0,8
BRF:2
BRH:2
end_of_record
